2023-07-30T12:46:38.848+0800	DEBUG	rpc/rpc_client.go:292	config-0-2e2c3c34-c6fd-4179-b669-c502657bd3de register server push request:ConfigChangeNotifyRequest handler:ConfigChangeNotifyRequestHandler
2023-07-30T12:46:38.850+0800	DEBUG	rpc/rpc_client.go:292	config-0-2e2c3c34-c6fd-4179-b669-c502657bd3de register server push request:ConnectResetRequest handler:ConnectResetRequestHandler
2023-07-30T12:46:38.850+0800	DEBUG	rpc/rpc_client.go:292	config-0-2e2c3c34-c6fd-4179-b669-c502657bd3de register server push request:ClientDetectionRequest handler:ClientDetectionRequestHandler
2023-07-30T12:46:38.850+0800	INFO	rpc/rpc_client.go:224	[RpcClient.Start] config-0-2e2c3c34-c6fd-4179-b669-c502657bd3de try to connect to server on start up, server: {serverIp:106.15.58.0 serverPort:8848 serverGrpcPort:9848}
2023-07-30T12:46:38.888+0800	INFO	util/common.go:96	Local IP:192.168.0.114
2023-07-30T12:46:41.857+0800	WARN	rpc/rpc_client.go:226	[RpcClient.Start] config-0-2e2c3c34-c6fd-4179-b669-c502657bd3de fail to connect to server on start up, error message=server check request failed , err:rpc error: code = DeadlineExceeded desc = context deadline exceeded, start up retry times left=2
2023-07-30T12:46:41.857+0800	INFO	rpc/rpc_client.go:224	[RpcClient.Start] config-0-2e2c3c34-c6fd-4179-b669-c502657bd3de try to connect to server on start up, server: {serverIp:106.15.58.0 serverPort:8848 serverGrpcPort:9848}
2023-07-30T12:46:44.863+0800	WARN	rpc/rpc_client.go:226	[RpcClient.Start] config-0-2e2c3c34-c6fd-4179-b669-c502657bd3de fail to connect to server on start up, error message=server check request failed , err:rpc error: code = DeadlineExceeded desc = context deadline exceeded, start up retry times left=1
2023-07-30T12:46:44.863+0800	INFO	rpc/rpc_client.go:224	[RpcClient.Start] config-0-2e2c3c34-c6fd-4179-b669-c502657bd3de try to connect to server on start up, server: {serverIp:106.15.58.0 serverPort:8848 serverGrpcPort:9848}
2023-07-30T12:46:47.869+0800	WARN	rpc/rpc_client.go:226	[RpcClient.Start] config-0-2e2c3c34-c6fd-4179-b669-c502657bd3de fail to connect to server on start up, error message=server check request failed , err:rpc error: code = DeadlineExceeded desc = context deadline exceeded, start up retry times left=0
2023-07-30T12:46:47.869+0800	INFO	rpc/rpc_client.go:324	config-0-2e2c3c34-c6fd-4179-b669-c502657bd3de try to re connect to a new server, server is not appointed, will choose a random server.
2023-07-30T12:46:47.869+0800	ERROR	rpc/rpc_client.go:524	Send request fail, request=ConfigQueryRequest, body={"requestId":"","group":"dev","dataId":"chat-api.json","tenant":"3192344f-57c0-4566-a4d2-0b132fc5047c","module":"config","tag":""}, retryTimes=0, error=client not connected, current status:STARTING
github.com/nacos-group/nacos-sdk-go/v2/common/remote/rpc.(*RpcClient).Request
	D:/GoPath/pkg/mod/github.com/nacos-group/nacos-sdk-go/v2@v2.2.2/common/remote/rpc/rpc_client.go:489
github.com/nacos-group/nacos-sdk-go/v2/clients/config_client.(*ConfigProxy).requestProxy
	D:/GoPath/pkg/mod/github.com/nacos-group/nacos-sdk-go/v2@v2.2.2/clients/config_client/config_proxy.go:64
github.com/nacos-group/nacos-sdk-go/v2/clients/config_client.(*ConfigProxy).queryConfig
	D:/GoPath/pkg/mod/github.com/nacos-group/nacos-sdk-go/v2@v2.2.2/clients/config_client/config_proxy.go:116
github.com/nacos-group/nacos-sdk-go/v2/clients/config_client.(*ConfigClient).getConfigInner
	D:/GoPath/pkg/mod/github.com/nacos-group/nacos-sdk-go/v2@v2.2.2/clients/config_client/config_client.go:205
github.com/nacos-group/nacos-sdk-go/v2/clients/config_client.(*ConfigClient).GetConfig
	D:/GoPath/pkg/mod/github.com/nacos-group/nacos-sdk-go/v2@v2.2.2/clients/config_client/config_client.go:149
main.main
	D:/Desktop/青训营-抖音/GopherTok/server/chat/api/chat.go:42
runtime.main
	D:/APP/Go1.20.5/src/runtime/proc.go:250
runtime.goexit
	D:/APP/Go1.20.5/src/runtime/asm_amd64.s:1598
2023-07-30T12:46:47.976+0800	ERROR	rpc/rpc_client.go:524	Send request fail, request=ConfigQueryRequest, body={"requestId":"","group":"dev","dataId":"chat-api.json","tenant":"3192344f-57c0-4566-a4d2-0b132fc5047c","module":"config","tag":""}, retryTimes=1, error=client not connected, current status:STARTING
github.com/nacos-group/nacos-sdk-go/v2/common/remote/rpc.(*RpcClient).Request
	D:/GoPath/pkg/mod/github.com/nacos-group/nacos-sdk-go/v2@v2.2.2/common/remote/rpc/rpc_client.go:489
github.com/nacos-group/nacos-sdk-go/v2/clients/config_client.(*ConfigProxy).requestProxy
	D:/GoPath/pkg/mod/github.com/nacos-group/nacos-sdk-go/v2@v2.2.2/clients/config_client/config_proxy.go:64
github.com/nacos-group/nacos-sdk-go/v2/clients/config_client.(*ConfigProxy).queryConfig
	D:/GoPath/pkg/mod/github.com/nacos-group/nacos-sdk-go/v2@v2.2.2/clients/config_client/config_proxy.go:116
github.com/nacos-group/nacos-sdk-go/v2/clients/config_client.(*ConfigClient).getConfigInner
	D:/GoPath/pkg/mod/github.com/nacos-group/nacos-sdk-go/v2@v2.2.2/clients/config_client/config_client.go:205
github.com/nacos-group/nacos-sdk-go/v2/clients/config_client.(*ConfigClient).GetConfig
	D:/GoPath/pkg/mod/github.com/nacos-group/nacos-sdk-go/v2@v2.2.2/clients/config_client/config_client.go:149
main.main
	D:/Desktop/青训营-抖音/GopherTok/server/chat/api/chat.go:42
runtime.main
	D:/APP/Go1.20.5/src/runtime/proc.go:250
runtime.goexit
	D:/APP/Go1.20.5/src/runtime/asm_amd64.s:1598
2023-07-30T12:46:48.083+0800	ERROR	rpc/rpc_client.go:524	Send request fail, request=ConfigQueryRequest, body={"requestId":"","group":"dev","dataId":"chat-api.json","tenant":"3192344f-57c0-4566-a4d2-0b132fc5047c","module":"config","tag":""}, retryTimes=2, error=client not connected, current status:STARTING
github.com/nacos-group/nacos-sdk-go/v2/common/remote/rpc.(*RpcClient).Request
	D:/GoPath/pkg/mod/github.com/nacos-group/nacos-sdk-go/v2@v2.2.2/common/remote/rpc/rpc_client.go:489
github.com/nacos-group/nacos-sdk-go/v2/clients/config_client.(*ConfigProxy).requestProxy
	D:/GoPath/pkg/mod/github.com/nacos-group/nacos-sdk-go/v2@v2.2.2/clients/config_client/config_proxy.go:64
github.com/nacos-group/nacos-sdk-go/v2/clients/config_client.(*ConfigProxy).queryConfig
	D:/GoPath/pkg/mod/github.com/nacos-group/nacos-sdk-go/v2@v2.2.2/clients/config_client/config_proxy.go:116
github.com/nacos-group/nacos-sdk-go/v2/clients/config_client.(*ConfigClient).getConfigInner
	D:/GoPath/pkg/mod/github.com/nacos-group/nacos-sdk-go/v2@v2.2.2/clients/config_client/config_client.go:205
github.com/nacos-group/nacos-sdk-go/v2/clients/config_client.(*ConfigClient).GetConfig
	D:/GoPath/pkg/mod/github.com/nacos-group/nacos-sdk-go/v2@v2.2.2/clients/config_client/config_client.go:149
main.main
	D:/Desktop/青训营-抖音/GopherTok/server/chat/api/chat.go:42
runtime.main
	D:/APP/Go1.20.5/src/runtime/proc.go:250
runtime.goexit
	D:/APP/Go1.20.5/src/runtime/asm_amd64.s:1598
2023-07-30T12:46:48.189+0800	ERROR	config_client/config_client.go:208	get config from server error:client not connected, current status:STARTING, dataId=chat-api.json, group=dev, namespaceId=3192344f-57c0-4566-a4d2-0b132fc5047c
2023-07-30T12:46:48.191+0800	ERROR	cache/disk_cache.go:101	get config from cache, cacheKey:chat-api.json@@dev@@3192344f-57c0-4566-a4d2-0b132fc5047c, cacheDir:tmp/nacos/cache\config, error:open tmp/nacos/cache\config\chat-api.json@@dev@@3192344f-57c0-4566-a4d2-0b132fc5047c: The system cannot find the path specified. 
2023-07-30T12:49:17.510+0800	DEBUG	rpc/rpc_client.go:292	config-0-8b76581c-a222-4a38-a585-dfe61b07f918 register server push request:ConfigChangeNotifyRequest handler:ConfigChangeNotifyRequestHandler
2023-07-30T12:49:17.510+0800	DEBUG	rpc/rpc_client.go:292	config-0-8b76581c-a222-4a38-a585-dfe61b07f918 register server push request:ConnectResetRequest handler:ConnectResetRequestHandler
2023-07-30T12:49:17.510+0800	DEBUG	rpc/rpc_client.go:292	config-0-8b76581c-a222-4a38-a585-dfe61b07f918 register server push request:ClientDetectionRequest handler:ClientDetectionRequestHandler
2023-07-30T12:49:17.510+0800	INFO	rpc/rpc_client.go:224	[RpcClient.Start] config-0-8b76581c-a222-4a38-a585-dfe61b07f918 try to connect to server on start up, server: {serverIp:106.15.58.0 serverPort:8848 serverGrpcPort:9848}
2023-07-30T12:49:17.544+0800	INFO	util/common.go:96	Local IP:192.168.0.114
2023-07-30T12:49:20.513+0800	WARN	rpc/rpc_client.go:226	[RpcClient.Start] config-0-8b76581c-a222-4a38-a585-dfe61b07f918 fail to connect to server on start up, error message=server check request failed , err:rpc error: code = DeadlineExceeded desc = context deadline exceeded, start up retry times left=2
2023-07-30T12:49:20.513+0800	INFO	rpc/rpc_client.go:224	[RpcClient.Start] config-0-8b76581c-a222-4a38-a585-dfe61b07f918 try to connect to server on start up, server: {serverIp:106.15.58.0 serverPort:8848 serverGrpcPort:9848}
2023-07-30T12:49:23.520+0800	WARN	rpc/rpc_client.go:226	[RpcClient.Start] config-0-8b76581c-a222-4a38-a585-dfe61b07f918 fail to connect to server on start up, error message=server check request failed , err:rpc error: code = DeadlineExceeded desc = context deadline exceeded, start up retry times left=1
2023-07-30T12:49:23.520+0800	INFO	rpc/rpc_client.go:224	[RpcClient.Start] config-0-8b76581c-a222-4a38-a585-dfe61b07f918 try to connect to server on start up, server: {serverIp:106.15.58.0 serverPort:8848 serverGrpcPort:9848}
2023-07-30T12:49:26.523+0800	WARN	rpc/rpc_client.go:226	[RpcClient.Start] config-0-8b76581c-a222-4a38-a585-dfe61b07f918 fail to connect to server on start up, error message=server check request failed , err:rpc error: code = DeadlineExceeded desc = context deadline exceeded, start up retry times left=0
2023-07-30T12:49:26.523+0800	INFO	rpc/rpc_client.go:324	config-0-8b76581c-a222-4a38-a585-dfe61b07f918 try to re connect to a new server, server is not appointed, will choose a random server.
2023-07-30T12:49:26.523+0800	ERROR	rpc/rpc_client.go:524	Send request fail, request=ConfigQueryRequest, body={"requestId":"","group":"dev","dataId":"chat-api.json","tenant":"3192344f-57c0-4566-a4d2-0b132fc5047c","module":"config","tag":""}, retryTimes=0, error=client not connected, current status:STARTING
github.com/nacos-group/nacos-sdk-go/v2/common/remote/rpc.(*RpcClient).Request
	D:/GoPath/pkg/mod/github.com/nacos-group/nacos-sdk-go/v2@v2.2.2/common/remote/rpc/rpc_client.go:489
github.com/nacos-group/nacos-sdk-go/v2/clients/config_client.(*ConfigProxy).requestProxy
	D:/GoPath/pkg/mod/github.com/nacos-group/nacos-sdk-go/v2@v2.2.2/clients/config_client/config_proxy.go:64
github.com/nacos-group/nacos-sdk-go/v2/clients/config_client.(*ConfigProxy).queryConfig
	D:/GoPath/pkg/mod/github.com/nacos-group/nacos-sdk-go/v2@v2.2.2/clients/config_client/config_proxy.go:116
github.com/nacos-group/nacos-sdk-go/v2/clients/config_client.(*ConfigClient).getConfigInner
	D:/GoPath/pkg/mod/github.com/nacos-group/nacos-sdk-go/v2@v2.2.2/clients/config_client/config_client.go:205
github.com/nacos-group/nacos-sdk-go/v2/clients/config_client.(*ConfigClient).GetConfig
	D:/GoPath/pkg/mod/github.com/nacos-group/nacos-sdk-go/v2@v2.2.2/clients/config_client/config_client.go:149
main.main
	D:/Desktop/青训营-抖音/GopherTok/server/chat/api/chat.go:42
runtime.main
	D:/APP/Go1.20.5/src/runtime/proc.go:250
runtime.goexit
	D:/APP/Go1.20.5/src/runtime/asm_amd64.s:1598
2023-07-30T12:49:26.631+0800	ERROR	rpc/rpc_client.go:524	Send request fail, request=ConfigQueryRequest, body={"requestId":"","group":"dev","dataId":"chat-api.json","tenant":"3192344f-57c0-4566-a4d2-0b132fc5047c","module":"config","tag":""}, retryTimes=1, error=client not connected, current status:STARTING
github.com/nacos-group/nacos-sdk-go/v2/common/remote/rpc.(*RpcClient).Request
	D:/GoPath/pkg/mod/github.com/nacos-group/nacos-sdk-go/v2@v2.2.2/common/remote/rpc/rpc_client.go:489
github.com/nacos-group/nacos-sdk-go/v2/clients/config_client.(*ConfigProxy).requestProxy
	D:/GoPath/pkg/mod/github.com/nacos-group/nacos-sdk-go/v2@v2.2.2/clients/config_client/config_proxy.go:64
github.com/nacos-group/nacos-sdk-go/v2/clients/config_client.(*ConfigProxy).queryConfig
	D:/GoPath/pkg/mod/github.com/nacos-group/nacos-sdk-go/v2@v2.2.2/clients/config_client/config_proxy.go:116
github.com/nacos-group/nacos-sdk-go/v2/clients/config_client.(*ConfigClient).getConfigInner
	D:/GoPath/pkg/mod/github.com/nacos-group/nacos-sdk-go/v2@v2.2.2/clients/config_client/config_client.go:205
github.com/nacos-group/nacos-sdk-go/v2/clients/config_client.(*ConfigClient).GetConfig
	D:/GoPath/pkg/mod/github.com/nacos-group/nacos-sdk-go/v2@v2.2.2/clients/config_client/config_client.go:149
main.main
	D:/Desktop/青训营-抖音/GopherTok/server/chat/api/chat.go:42
runtime.main
	D:/APP/Go1.20.5/src/runtime/proc.go:250
runtime.goexit
	D:/APP/Go1.20.5/src/runtime/asm_amd64.s:1598
2023-07-30T12:49:26.739+0800	ERROR	rpc/rpc_client.go:524	Send request fail, request=ConfigQueryRequest, body={"requestId":"","group":"dev","dataId":"chat-api.json","tenant":"3192344f-57c0-4566-a4d2-0b132fc5047c","module":"config","tag":""}, retryTimes=2, error=client not connected, current status:STARTING
github.com/nacos-group/nacos-sdk-go/v2/common/remote/rpc.(*RpcClient).Request
	D:/GoPath/pkg/mod/github.com/nacos-group/nacos-sdk-go/v2@v2.2.2/common/remote/rpc/rpc_client.go:489
github.com/nacos-group/nacos-sdk-go/v2/clients/config_client.(*ConfigProxy).requestProxy
	D:/GoPath/pkg/mod/github.com/nacos-group/nacos-sdk-go/v2@v2.2.2/clients/config_client/config_proxy.go:64
github.com/nacos-group/nacos-sdk-go/v2/clients/config_client.(*ConfigProxy).queryConfig
	D:/GoPath/pkg/mod/github.com/nacos-group/nacos-sdk-go/v2@v2.2.2/clients/config_client/config_proxy.go:116
github.com/nacos-group/nacos-sdk-go/v2/clients/config_client.(*ConfigClient).getConfigInner
	D:/GoPath/pkg/mod/github.com/nacos-group/nacos-sdk-go/v2@v2.2.2/clients/config_client/config_client.go:205
github.com/nacos-group/nacos-sdk-go/v2/clients/config_client.(*ConfigClient).GetConfig
	D:/GoPath/pkg/mod/github.com/nacos-group/nacos-sdk-go/v2@v2.2.2/clients/config_client/config_client.go:149
main.main
	D:/Desktop/青训营-抖音/GopherTok/server/chat/api/chat.go:42
runtime.main
	D:/APP/Go1.20.5/src/runtime/proc.go:250
runtime.goexit
	D:/APP/Go1.20.5/src/runtime/asm_amd64.s:1598
2023-07-30T12:49:26.846+0800	ERROR	config_client/config_client.go:208	get config from server error:client not connected, current status:STARTING, dataId=chat-api.json, group=dev, namespaceId=3192344f-57c0-4566-a4d2-0b132fc5047c
2023-07-30T12:49:26.847+0800	ERROR	cache/disk_cache.go:101	get config from cache, cacheKey:chat-api.json@@dev@@3192344f-57c0-4566-a4d2-0b132fc5047c, cacheDir:tmp/nacos/cache\config, error:open tmp/nacos/cache\config\chat-api.json@@dev@@3192344f-57c0-4566-a4d2-0b132fc5047c: The system cannot find the path specified. 
2023-07-30T12:50:16.877+0800	DEBUG	rpc/rpc_client.go:292	config-0-1d5ebf03-fba3-4a1b-b5c7-ca9f25baeb8f register server push request:ConfigChangeNotifyRequest handler:ConfigChangeNotifyRequestHandler
2023-07-30T12:50:16.877+0800	DEBUG	rpc/rpc_client.go:292	config-0-1d5ebf03-fba3-4a1b-b5c7-ca9f25baeb8f register server push request:ConnectResetRequest handler:ConnectResetRequestHandler
2023-07-30T12:50:16.877+0800	DEBUG	rpc/rpc_client.go:292	config-0-1d5ebf03-fba3-4a1b-b5c7-ca9f25baeb8f register server push request:ClientDetectionRequest handler:ClientDetectionRequestHandler
2023-07-30T12:50:16.877+0800	INFO	rpc/rpc_client.go:224	[RpcClient.Start] config-0-1d5ebf03-fba3-4a1b-b5c7-ca9f25baeb8f try to connect to server on start up, server: {serverIp:106.15.58.0 serverPort:8848 serverGrpcPort:9848}
2023-07-30T12:50:16.921+0800	INFO	util/common.go:96	Local IP:192.168.0.114
2023-07-30T12:50:19.882+0800	WARN	rpc/rpc_client.go:226	[RpcClient.Start] config-0-1d5ebf03-fba3-4a1b-b5c7-ca9f25baeb8f fail to connect to server on start up, error message=server check request failed , err:rpc error: code = DeadlineExceeded desc = context deadline exceeded, start up retry times left=2
2023-07-30T12:50:19.882+0800	INFO	rpc/rpc_client.go:224	[RpcClient.Start] config-0-1d5ebf03-fba3-4a1b-b5c7-ca9f25baeb8f try to connect to server on start up, server: {serverIp:106.15.58.0 serverPort:8848 serverGrpcPort:9848}
2023-07-30T12:50:22.892+0800	WARN	rpc/rpc_client.go:226	[RpcClient.Start] config-0-1d5ebf03-fba3-4a1b-b5c7-ca9f25baeb8f fail to connect to server on start up, error message=server check request failed , err:rpc error: code = DeadlineExceeded desc = context deadline exceeded, start up retry times left=1
2023-07-30T12:50:22.892+0800	INFO	rpc/rpc_client.go:224	[RpcClient.Start] config-0-1d5ebf03-fba3-4a1b-b5c7-ca9f25baeb8f try to connect to server on start up, server: {serverIp:106.15.58.0 serverPort:8848 serverGrpcPort:9848}
2023-07-30T12:50:25.903+0800	WARN	rpc/rpc_client.go:226	[RpcClient.Start] config-0-1d5ebf03-fba3-4a1b-b5c7-ca9f25baeb8f fail to connect to server on start up, error message=server check request failed , err:rpc error: code = DeadlineExceeded desc = context deadline exceeded, start up retry times left=0
2023-07-30T12:50:25.903+0800	INFO	rpc/rpc_client.go:324	config-0-1d5ebf03-fba3-4a1b-b5c7-ca9f25baeb8f try to re connect to a new server, server is not appointed, will choose a random server.
2023-07-30T12:50:25.903+0800	ERROR	rpc/rpc_client.go:524	Send request fail, request=ConfigQueryRequest, body={"requestId":"","group":"dev","dataId":"chat-api.json","tenant":"3192344f-57c0-4566-a4d2-0b132fc5047c","module":"config","tag":""}, retryTimes=0, error=client not connected, current status:STARTING
github.com/nacos-group/nacos-sdk-go/v2/common/remote/rpc.(*RpcClient).Request
	D:/GoPath/pkg/mod/github.com/nacos-group/nacos-sdk-go/v2@v2.2.2/common/remote/rpc/rpc_client.go:489
github.com/nacos-group/nacos-sdk-go/v2/clients/config_client.(*ConfigProxy).requestProxy
	D:/GoPath/pkg/mod/github.com/nacos-group/nacos-sdk-go/v2@v2.2.2/clients/config_client/config_proxy.go:64
github.com/nacos-group/nacos-sdk-go/v2/clients/config_client.(*ConfigProxy).queryConfig
	D:/GoPath/pkg/mod/github.com/nacos-group/nacos-sdk-go/v2@v2.2.2/clients/config_client/config_proxy.go:116
github.com/nacos-group/nacos-sdk-go/v2/clients/config_client.(*ConfigClient).getConfigInner
	D:/GoPath/pkg/mod/github.com/nacos-group/nacos-sdk-go/v2@v2.2.2/clients/config_client/config_client.go:205
github.com/nacos-group/nacos-sdk-go/v2/clients/config_client.(*ConfigClient).GetConfig
	D:/GoPath/pkg/mod/github.com/nacos-group/nacos-sdk-go/v2@v2.2.2/clients/config_client/config_client.go:149
main.main
	D:/Desktop/青训营-抖音/GopherTok/server/chat/api/chat.go:42
runtime.main
	D:/APP/Go1.20.5/src/runtime/proc.go:250
runtime.goexit
	D:/APP/Go1.20.5/src/runtime/asm_amd64.s:1598
2023-07-30T12:50:26.010+0800	ERROR	rpc/rpc_client.go:524	Send request fail, request=ConfigQueryRequest, body={"requestId":"","group":"dev","dataId":"chat-api.json","tenant":"3192344f-57c0-4566-a4d2-0b132fc5047c","module":"config","tag":""}, retryTimes=1, error=client not connected, current status:STARTING
github.com/nacos-group/nacos-sdk-go/v2/common/remote/rpc.(*RpcClient).Request
	D:/GoPath/pkg/mod/github.com/nacos-group/nacos-sdk-go/v2@v2.2.2/common/remote/rpc/rpc_client.go:489
github.com/nacos-group/nacos-sdk-go/v2/clients/config_client.(*ConfigProxy).requestProxy
	D:/GoPath/pkg/mod/github.com/nacos-group/nacos-sdk-go/v2@v2.2.2/clients/config_client/config_proxy.go:64
github.com/nacos-group/nacos-sdk-go/v2/clients/config_client.(*ConfigProxy).queryConfig
	D:/GoPath/pkg/mod/github.com/nacos-group/nacos-sdk-go/v2@v2.2.2/clients/config_client/config_proxy.go:116
github.com/nacos-group/nacos-sdk-go/v2/clients/config_client.(*ConfigClient).getConfigInner
	D:/GoPath/pkg/mod/github.com/nacos-group/nacos-sdk-go/v2@v2.2.2/clients/config_client/config_client.go:205
github.com/nacos-group/nacos-sdk-go/v2/clients/config_client.(*ConfigClient).GetConfig
	D:/GoPath/pkg/mod/github.com/nacos-group/nacos-sdk-go/v2@v2.2.2/clients/config_client/config_client.go:149
main.main
	D:/Desktop/青训营-抖音/GopherTok/server/chat/api/chat.go:42
runtime.main
	D:/APP/Go1.20.5/src/runtime/proc.go:250
runtime.goexit
	D:/APP/Go1.20.5/src/runtime/asm_amd64.s:1598
2023-07-30T12:50:26.117+0800	ERROR	rpc/rpc_client.go:524	Send request fail, request=ConfigQueryRequest, body={"requestId":"","group":"dev","dataId":"chat-api.json","tenant":"3192344f-57c0-4566-a4d2-0b132fc5047c","module":"config","tag":""}, retryTimes=2, error=client not connected, current status:STARTING
github.com/nacos-group/nacos-sdk-go/v2/common/remote/rpc.(*RpcClient).Request
	D:/GoPath/pkg/mod/github.com/nacos-group/nacos-sdk-go/v2@v2.2.2/common/remote/rpc/rpc_client.go:489
github.com/nacos-group/nacos-sdk-go/v2/clients/config_client.(*ConfigProxy).requestProxy
	D:/GoPath/pkg/mod/github.com/nacos-group/nacos-sdk-go/v2@v2.2.2/clients/config_client/config_proxy.go:64
github.com/nacos-group/nacos-sdk-go/v2/clients/config_client.(*ConfigProxy).queryConfig
	D:/GoPath/pkg/mod/github.com/nacos-group/nacos-sdk-go/v2@v2.2.2/clients/config_client/config_proxy.go:116
github.com/nacos-group/nacos-sdk-go/v2/clients/config_client.(*ConfigClient).getConfigInner
	D:/GoPath/pkg/mod/github.com/nacos-group/nacos-sdk-go/v2@v2.2.2/clients/config_client/config_client.go:205
github.com/nacos-group/nacos-sdk-go/v2/clients/config_client.(*ConfigClient).GetConfig
	D:/GoPath/pkg/mod/github.com/nacos-group/nacos-sdk-go/v2@v2.2.2/clients/config_client/config_client.go:149
main.main
	D:/Desktop/青训营-抖音/GopherTok/server/chat/api/chat.go:42
runtime.main
	D:/APP/Go1.20.5/src/runtime/proc.go:250
runtime.goexit
	D:/APP/Go1.20.5/src/runtime/asm_amd64.s:1598
2023-07-30T12:50:26.225+0800	ERROR	config_client/config_client.go:208	get config from server error:client not connected, current status:STARTING, dataId=chat-api.json, group=dev, namespaceId=3192344f-57c0-4566-a4d2-0b132fc5047c
2023-07-30T12:50:26.226+0800	ERROR	cache/disk_cache.go:101	get config from cache, cacheKey:chat-api.json@@dev@@3192344f-57c0-4566-a4d2-0b132fc5047c, cacheDir:tmp/nacos/cache\config, error:open tmp/nacos/cache\config\chat-api.json@@dev@@3192344f-57c0-4566-a4d2-0b132fc5047c: The system cannot find the path specified. 
2023-07-30T12:55:06.413+0800	DEBUG	rpc/rpc_client.go:292	config-0-f095deb1-015e-4875-a40c-3627af72fb08 register server push request:ConfigChangeNotifyRequest handler:ConfigChangeNotifyRequestHandler
2023-07-30T12:55:06.413+0800	DEBUG	rpc/rpc_client.go:292	config-0-f095deb1-015e-4875-a40c-3627af72fb08 register server push request:ConnectResetRequest handler:ConnectResetRequestHandler
2023-07-30T12:55:06.413+0800	DEBUG	rpc/rpc_client.go:292	config-0-f095deb1-015e-4875-a40c-3627af72fb08 register server push request:ClientDetectionRequest handler:ClientDetectionRequestHandler
2023-07-30T12:55:06.413+0800	INFO	rpc/rpc_client.go:224	[RpcClient.Start] config-0-f095deb1-015e-4875-a40c-3627af72fb08 try to connect to server on start up, server: {serverIp:106.15.58.0 serverPort:8848 serverGrpcPort:9848}
2023-07-30T12:55:06.450+0800	INFO	util/common.go:96	Local IP:192.168.0.114
2023-07-30T12:55:09.424+0800	WARN	rpc/rpc_client.go:226	[RpcClient.Start] config-0-f095deb1-015e-4875-a40c-3627af72fb08 fail to connect to server on start up, error message=server check request failed , err:rpc error: code = DeadlineExceeded desc = context deadline exceeded, start up retry times left=2
2023-07-30T12:55:09.424+0800	INFO	rpc/rpc_client.go:224	[RpcClient.Start] config-0-f095deb1-015e-4875-a40c-3627af72fb08 try to connect to server on start up, server: {serverIp:106.15.58.0 serverPort:8848 serverGrpcPort:9848}
2023-07-30T12:55:12.432+0800	WARN	rpc/rpc_client.go:226	[RpcClient.Start] config-0-f095deb1-015e-4875-a40c-3627af72fb08 fail to connect to server on start up, error message=server check request failed , err:rpc error: code = DeadlineExceeded desc = context deadline exceeded, start up retry times left=1
2023-07-30T12:55:12.432+0800	INFO	rpc/rpc_client.go:224	[RpcClient.Start] config-0-f095deb1-015e-4875-a40c-3627af72fb08 try to connect to server on start up, server: {serverIp:106.15.58.0 serverPort:8848 serverGrpcPort:9848}
2023-07-30T12:55:15.441+0800	WARN	rpc/rpc_client.go:226	[RpcClient.Start] config-0-f095deb1-015e-4875-a40c-3627af72fb08 fail to connect to server on start up, error message=server check request failed , err:rpc error: code = DeadlineExceeded desc = context deadline exceeded, start up retry times left=0
2023-07-30T12:55:15.441+0800	INFO	rpc/rpc_client.go:324	config-0-f095deb1-015e-4875-a40c-3627af72fb08 try to re connect to a new server, server is not appointed, will choose a random server.
2023-07-30T12:55:15.441+0800	ERROR	rpc/rpc_client.go:524	Send request fail, request=ConfigQueryRequest, body={"requestId":"","group":"dev","dataId":"chat-api.json","tenant":"3192344f-57c0-4566-a4d2-0b132fc5047c","module":"config","tag":""}, retryTimes=0, error=client not connected, current status:STARTING
github.com/nacos-group/nacos-sdk-go/v2/common/remote/rpc.(*RpcClient).Request
	D:/GoPath/pkg/mod/github.com/nacos-group/nacos-sdk-go/v2@v2.2.2/common/remote/rpc/rpc_client.go:489
github.com/nacos-group/nacos-sdk-go/v2/clients/config_client.(*ConfigProxy).requestProxy
	D:/GoPath/pkg/mod/github.com/nacos-group/nacos-sdk-go/v2@v2.2.2/clients/config_client/config_proxy.go:64
github.com/nacos-group/nacos-sdk-go/v2/clients/config_client.(*ConfigProxy).queryConfig
	D:/GoPath/pkg/mod/github.com/nacos-group/nacos-sdk-go/v2@v2.2.2/clients/config_client/config_proxy.go:116
github.com/nacos-group/nacos-sdk-go/v2/clients/config_client.(*ConfigClient).getConfigInner
	D:/GoPath/pkg/mod/github.com/nacos-group/nacos-sdk-go/v2@v2.2.2/clients/config_client/config_client.go:205
github.com/nacos-group/nacos-sdk-go/v2/clients/config_client.(*ConfigClient).GetConfig
	D:/GoPath/pkg/mod/github.com/nacos-group/nacos-sdk-go/v2@v2.2.2/clients/config_client/config_client.go:149
main.main
	D:/Desktop/青训营-抖音/GopherTok/server/chat/api/chat.go:45
runtime.main
	D:/APP/Go1.20.5/src/runtime/proc.go:250
runtime.goexit
	D:/APP/Go1.20.5/src/runtime/asm_amd64.s:1598
2023-07-30T12:55:15.549+0800	ERROR	rpc/rpc_client.go:524	Send request fail, request=ConfigQueryRequest, body={"requestId":"","group":"dev","dataId":"chat-api.json","tenant":"3192344f-57c0-4566-a4d2-0b132fc5047c","module":"config","tag":""}, retryTimes=1, error=client not connected, current status:STARTING
github.com/nacos-group/nacos-sdk-go/v2/common/remote/rpc.(*RpcClient).Request
	D:/GoPath/pkg/mod/github.com/nacos-group/nacos-sdk-go/v2@v2.2.2/common/remote/rpc/rpc_client.go:489
github.com/nacos-group/nacos-sdk-go/v2/clients/config_client.(*ConfigProxy).requestProxy
	D:/GoPath/pkg/mod/github.com/nacos-group/nacos-sdk-go/v2@v2.2.2/clients/config_client/config_proxy.go:64
github.com/nacos-group/nacos-sdk-go/v2/clients/config_client.(*ConfigProxy).queryConfig
	D:/GoPath/pkg/mod/github.com/nacos-group/nacos-sdk-go/v2@v2.2.2/clients/config_client/config_proxy.go:116
github.com/nacos-group/nacos-sdk-go/v2/clients/config_client.(*ConfigClient).getConfigInner
	D:/GoPath/pkg/mod/github.com/nacos-group/nacos-sdk-go/v2@v2.2.2/clients/config_client/config_client.go:205
github.com/nacos-group/nacos-sdk-go/v2/clients/config_client.(*ConfigClient).GetConfig
	D:/GoPath/pkg/mod/github.com/nacos-group/nacos-sdk-go/v2@v2.2.2/clients/config_client/config_client.go:149
main.main
	D:/Desktop/青训营-抖音/GopherTok/server/chat/api/chat.go:45
runtime.main
	D:/APP/Go1.20.5/src/runtime/proc.go:250
runtime.goexit
	D:/APP/Go1.20.5/src/runtime/asm_amd64.s:1598
2023-07-30T12:55:15.657+0800	ERROR	rpc/rpc_client.go:524	Send request fail, request=ConfigQueryRequest, body={"requestId":"","group":"dev","dataId":"chat-api.json","tenant":"3192344f-57c0-4566-a4d2-0b132fc5047c","module":"config","tag":""}, retryTimes=2, error=client not connected, current status:STARTING
github.com/nacos-group/nacos-sdk-go/v2/common/remote/rpc.(*RpcClient).Request
	D:/GoPath/pkg/mod/github.com/nacos-group/nacos-sdk-go/v2@v2.2.2/common/remote/rpc/rpc_client.go:489
github.com/nacos-group/nacos-sdk-go/v2/clients/config_client.(*ConfigProxy).requestProxy
	D:/GoPath/pkg/mod/github.com/nacos-group/nacos-sdk-go/v2@v2.2.2/clients/config_client/config_proxy.go:64
github.com/nacos-group/nacos-sdk-go/v2/clients/config_client.(*ConfigProxy).queryConfig
	D:/GoPath/pkg/mod/github.com/nacos-group/nacos-sdk-go/v2@v2.2.2/clients/config_client/config_proxy.go:116
github.com/nacos-group/nacos-sdk-go/v2/clients/config_client.(*ConfigClient).getConfigInner
	D:/GoPath/pkg/mod/github.com/nacos-group/nacos-sdk-go/v2@v2.2.2/clients/config_client/config_client.go:205
github.com/nacos-group/nacos-sdk-go/v2/clients/config_client.(*ConfigClient).GetConfig
	D:/GoPath/pkg/mod/github.com/nacos-group/nacos-sdk-go/v2@v2.2.2/clients/config_client/config_client.go:149
main.main
	D:/Desktop/青训营-抖音/GopherTok/server/chat/api/chat.go:45
runtime.main
	D:/APP/Go1.20.5/src/runtime/proc.go:250
runtime.goexit
	D:/APP/Go1.20.5/src/runtime/asm_amd64.s:1598
2023-07-30T12:55:15.765+0800	ERROR	config_client/config_client.go:208	get config from server error:client not connected, current status:STARTING, dataId=chat-api.json, group=dev, namespaceId=3192344f-57c0-4566-a4d2-0b132fc5047c
2023-07-30T12:55:15.765+0800	ERROR	cache/disk_cache.go:101	get config from cache, cacheKey:chat-api.json@@dev@@3192344f-57c0-4566-a4d2-0b132fc5047c, cacheDir:tmp/nacos/cache\config, error:open tmp/nacos/cache\config\chat-api.json@@dev@@3192344f-57c0-4566-a4d2-0b132fc5047c: The system cannot find the path specified. 
2023-07-30T13:01:20.335+0800	DEBUG	rpc/rpc_client.go:292	config-0-91d6e479-e888-4e1d-a332-42b7a208d92c register server push request:ConfigChangeNotifyRequest handler:ConfigChangeNotifyRequestHandler
2023-07-30T13:01:20.336+0800	DEBUG	rpc/rpc_client.go:292	config-0-91d6e479-e888-4e1d-a332-42b7a208d92c register server push request:ConnectResetRequest handler:ConnectResetRequestHandler
2023-07-30T13:01:20.336+0800	DEBUG	rpc/rpc_client.go:292	config-0-91d6e479-e888-4e1d-a332-42b7a208d92c register server push request:ClientDetectionRequest handler:ClientDetectionRequestHandler
2023-07-30T13:01:20.336+0800	INFO	rpc/rpc_client.go:224	[RpcClient.Start] config-0-91d6e479-e888-4e1d-a332-42b7a208d92c try to connect to server on start up, server: {serverIp:106.15.58.0 serverPort:8848 serverGrpcPort:9848}
2023-07-30T13:01:20.374+0800	INFO	util/common.go:96	Local IP:192.168.0.114
2023-07-30T13:01:23.345+0800	WARN	rpc/rpc_client.go:226	[RpcClient.Start] config-0-91d6e479-e888-4e1d-a332-42b7a208d92c fail to connect to server on start up, error message=server check request failed , err:rpc error: code = DeadlineExceeded desc = context deadline exceeded, start up retry times left=2
2023-07-30T13:01:23.346+0800	INFO	rpc/rpc_client.go:224	[RpcClient.Start] config-0-91d6e479-e888-4e1d-a332-42b7a208d92c try to connect to server on start up, server: {serverIp:106.15.58.0 serverPort:8848 serverGrpcPort:9848}
2023-07-30T13:01:26.349+0800	WARN	rpc/rpc_client.go:226	[RpcClient.Start] config-0-91d6e479-e888-4e1d-a332-42b7a208d92c fail to connect to server on start up, error message=server check request failed , err:rpc error: code = DeadlineExceeded desc = context deadline exceeded, start up retry times left=1
2023-07-30T13:01:26.349+0800	INFO	rpc/rpc_client.go:224	[RpcClient.Start] config-0-91d6e479-e888-4e1d-a332-42b7a208d92c try to connect to server on start up, server: {serverIp:106.15.58.0 serverPort:8848 serverGrpcPort:9848}
2023-07-30T13:01:29.355+0800	WARN	rpc/rpc_client.go:226	[RpcClient.Start] config-0-91d6e479-e888-4e1d-a332-42b7a208d92c fail to connect to server on start up, error message=server check request failed , err:rpc error: code = DeadlineExceeded desc = context deadline exceeded, start up retry times left=0
2023-07-30T13:01:29.355+0800	INFO	rpc/rpc_client.go:324	config-0-91d6e479-e888-4e1d-a332-42b7a208d92c try to re connect to a new server, server is not appointed, will choose a random server.
2023-07-30T13:01:29.355+0800	ERROR	rpc/rpc_client.go:524	Send request fail, request=ConfigQueryRequest, body={"requestId":"","group":"dev","dataId":"chat-api.json","tenant":"3192344f-57c0-4566-a4d2-0b132fc5047c","module":"config","tag":""}, retryTimes=0, error=client not connected, current status:STARTING
github.com/nacos-group/nacos-sdk-go/v2/common/remote/rpc.(*RpcClient).Request
	D:/GoPath/pkg/mod/github.com/nacos-group/nacos-sdk-go/v2@v2.2.2/common/remote/rpc/rpc_client.go:489
github.com/nacos-group/nacos-sdk-go/v2/clients/config_client.(*ConfigProxy).requestProxy
	D:/GoPath/pkg/mod/github.com/nacos-group/nacos-sdk-go/v2@v2.2.2/clients/config_client/config_proxy.go:64
github.com/nacos-group/nacos-sdk-go/v2/clients/config_client.(*ConfigProxy).queryConfig
	D:/GoPath/pkg/mod/github.com/nacos-group/nacos-sdk-go/v2@v2.2.2/clients/config_client/config_proxy.go:116
github.com/nacos-group/nacos-sdk-go/v2/clients/config_client.(*ConfigClient).getConfigInner
	D:/GoPath/pkg/mod/github.com/nacos-group/nacos-sdk-go/v2@v2.2.2/clients/config_client/config_client.go:205
github.com/nacos-group/nacos-sdk-go/v2/clients/config_client.(*ConfigClient).GetConfig
	D:/GoPath/pkg/mod/github.com/nacos-group/nacos-sdk-go/v2@v2.2.2/clients/config_client/config_client.go:149
main.main
	D:/Desktop/青训营-抖音/GopherTok/server/chat/api/chat.go:41
runtime.main
	D:/APP/Go1.20.5/src/runtime/proc.go:250
runtime.goexit
	D:/APP/Go1.20.5/src/runtime/asm_amd64.s:1598
2023-07-30T13:01:29.463+0800	ERROR	rpc/rpc_client.go:524	Send request fail, request=ConfigQueryRequest, body={"requestId":"","group":"dev","dataId":"chat-api.json","tenant":"3192344f-57c0-4566-a4d2-0b132fc5047c","module":"config","tag":""}, retryTimes=1, error=client not connected, current status:STARTING
github.com/nacos-group/nacos-sdk-go/v2/common/remote/rpc.(*RpcClient).Request
	D:/GoPath/pkg/mod/github.com/nacos-group/nacos-sdk-go/v2@v2.2.2/common/remote/rpc/rpc_client.go:489
github.com/nacos-group/nacos-sdk-go/v2/clients/config_client.(*ConfigProxy).requestProxy
	D:/GoPath/pkg/mod/github.com/nacos-group/nacos-sdk-go/v2@v2.2.2/clients/config_client/config_proxy.go:64
github.com/nacos-group/nacos-sdk-go/v2/clients/config_client.(*ConfigProxy).queryConfig
	D:/GoPath/pkg/mod/github.com/nacos-group/nacos-sdk-go/v2@v2.2.2/clients/config_client/config_proxy.go:116
github.com/nacos-group/nacos-sdk-go/v2/clients/config_client.(*ConfigClient).getConfigInner
	D:/GoPath/pkg/mod/github.com/nacos-group/nacos-sdk-go/v2@v2.2.2/clients/config_client/config_client.go:205
github.com/nacos-group/nacos-sdk-go/v2/clients/config_client.(*ConfigClient).GetConfig
	D:/GoPath/pkg/mod/github.com/nacos-group/nacos-sdk-go/v2@v2.2.2/clients/config_client/config_client.go:149
main.main
	D:/Desktop/青训营-抖音/GopherTok/server/chat/api/chat.go:41
runtime.main
	D:/APP/Go1.20.5/src/runtime/proc.go:250
runtime.goexit
	D:/APP/Go1.20.5/src/runtime/asm_amd64.s:1598
2023-07-30T13:01:29.571+0800	ERROR	rpc/rpc_client.go:524	Send request fail, request=ConfigQueryRequest, body={"requestId":"","group":"dev","dataId":"chat-api.json","tenant":"3192344f-57c0-4566-a4d2-0b132fc5047c","module":"config","tag":""}, retryTimes=2, error=client not connected, current status:STARTING
github.com/nacos-group/nacos-sdk-go/v2/common/remote/rpc.(*RpcClient).Request
	D:/GoPath/pkg/mod/github.com/nacos-group/nacos-sdk-go/v2@v2.2.2/common/remote/rpc/rpc_client.go:489
github.com/nacos-group/nacos-sdk-go/v2/clients/config_client.(*ConfigProxy).requestProxy
	D:/GoPath/pkg/mod/github.com/nacos-group/nacos-sdk-go/v2@v2.2.2/clients/config_client/config_proxy.go:64
github.com/nacos-group/nacos-sdk-go/v2/clients/config_client.(*ConfigProxy).queryConfig
	D:/GoPath/pkg/mod/github.com/nacos-group/nacos-sdk-go/v2@v2.2.2/clients/config_client/config_proxy.go:116
github.com/nacos-group/nacos-sdk-go/v2/clients/config_client.(*ConfigClient).getConfigInner
	D:/GoPath/pkg/mod/github.com/nacos-group/nacos-sdk-go/v2@v2.2.2/clients/config_client/config_client.go:205
github.com/nacos-group/nacos-sdk-go/v2/clients/config_client.(*ConfigClient).GetConfig
	D:/GoPath/pkg/mod/github.com/nacos-group/nacos-sdk-go/v2@v2.2.2/clients/config_client/config_client.go:149
main.main
	D:/Desktop/青训营-抖音/GopherTok/server/chat/api/chat.go:41
runtime.main
	D:/APP/Go1.20.5/src/runtime/proc.go:250
runtime.goexit
	D:/APP/Go1.20.5/src/runtime/asm_amd64.s:1598
2023-07-30T13:01:29.679+0800	ERROR	config_client/config_client.go:208	get config from server error:client not connected, current status:STARTING, dataId=chat-api.json, group=dev, namespaceId=3192344f-57c0-4566-a4d2-0b132fc5047c
2023-07-30T13:01:29.681+0800	ERROR	cache/disk_cache.go:101	get config from cache, cacheKey:chat-api.json@@dev@@3192344f-57c0-4566-a4d2-0b132fc5047c, cacheDir:tmp/nacos/cache\config, error:open tmp/nacos/cache\config\chat-api.json@@dev@@3192344f-57c0-4566-a4d2-0b132fc5047c: The system cannot find the path specified. 
2023-07-30T13:16:18.379+0800	DEBUG	rpc/rpc_client.go:292	config-0-63f7e2e1-5e6d-4ad9-b722-2b85efedd357 register server push request:ConfigChangeNotifyRequest handler:ConfigChangeNotifyRequestHandler
2023-07-30T13:16:18.379+0800	DEBUG	rpc/rpc_client.go:292	config-0-63f7e2e1-5e6d-4ad9-b722-2b85efedd357 register server push request:ConnectResetRequest handler:ConnectResetRequestHandler
2023-07-30T13:16:18.379+0800	DEBUG	rpc/rpc_client.go:292	config-0-63f7e2e1-5e6d-4ad9-b722-2b85efedd357 register server push request:ClientDetectionRequest handler:ClientDetectionRequestHandler
2023-07-30T13:16:18.379+0800	INFO	rpc/rpc_client.go:224	[RpcClient.Start] config-0-63f7e2e1-5e6d-4ad9-b722-2b85efedd357 try to connect to server on start up, server: {serverIp:106.15.58.0 serverPort:8848 serverGrpcPort:9848}
2023-07-30T13:16:18.415+0800	INFO	util/common.go:96	Local IP:192.168.0.114
2023-07-30T13:16:21.388+0800	WARN	rpc/rpc_client.go:226	[RpcClient.Start] config-0-63f7e2e1-5e6d-4ad9-b722-2b85efedd357 fail to connect to server on start up, error message=server check request failed , err:rpc error: code = DeadlineExceeded desc = context deadline exceeded, start up retry times left=2
2023-07-30T13:16:21.388+0800	INFO	rpc/rpc_client.go:224	[RpcClient.Start] config-0-63f7e2e1-5e6d-4ad9-b722-2b85efedd357 try to connect to server on start up, server: {serverIp:106.15.58.0 serverPort:8848 serverGrpcPort:9848}
2023-07-30T13:16:24.393+0800	WARN	rpc/rpc_client.go:226	[RpcClient.Start] config-0-63f7e2e1-5e6d-4ad9-b722-2b85efedd357 fail to connect to server on start up, error message=server check request failed , err:rpc error: code = DeadlineExceeded desc = context deadline exceeded, start up retry times left=1
2023-07-30T13:16:24.393+0800	INFO	rpc/rpc_client.go:224	[RpcClient.Start] config-0-63f7e2e1-5e6d-4ad9-b722-2b85efedd357 try to connect to server on start up, server: {serverIp:106.15.58.0 serverPort:8848 serverGrpcPort:9848}
2023-07-30T13:16:27.405+0800	WARN	rpc/rpc_client.go:226	[RpcClient.Start] config-0-63f7e2e1-5e6d-4ad9-b722-2b85efedd357 fail to connect to server on start up, error message=server check request failed , err:rpc error: code = DeadlineExceeded desc = context deadline exceeded, start up retry times left=0
2023-07-30T13:16:27.405+0800	INFO	rpc/rpc_client.go:324	config-0-63f7e2e1-5e6d-4ad9-b722-2b85efedd357 try to re connect to a new server, server is not appointed, will choose a random server.
2023-07-30T13:16:27.405+0800	ERROR	rpc/rpc_client.go:524	Send request fail, request=ConfigQueryRequest, body={"requestId":"","group":"dev","dataId":"chat-api.yaml","tenant":"3192344f-57c0-4566-a4d2-0b132fc5047c","module":"config","tag":""}, retryTimes=0, error=client not connected, current status:STARTING
github.com/nacos-group/nacos-sdk-go/v2/common/remote/rpc.(*RpcClient).Request
	D:/GoPath/pkg/mod/github.com/nacos-group/nacos-sdk-go/v2@v2.2.2/common/remote/rpc/rpc_client.go:489
github.com/nacos-group/nacos-sdk-go/v2/clients/config_client.(*ConfigProxy).requestProxy
	D:/GoPath/pkg/mod/github.com/nacos-group/nacos-sdk-go/v2@v2.2.2/clients/config_client/config_proxy.go:64
github.com/nacos-group/nacos-sdk-go/v2/clients/config_client.(*ConfigProxy).queryConfig
	D:/GoPath/pkg/mod/github.com/nacos-group/nacos-sdk-go/v2@v2.2.2/clients/config_client/config_proxy.go:116
github.com/nacos-group/nacos-sdk-go/v2/clients/config_client.(*ConfigClient).getConfigInner
	D:/GoPath/pkg/mod/github.com/nacos-group/nacos-sdk-go/v2@v2.2.2/clients/config_client/config_client.go:205
github.com/nacos-group/nacos-sdk-go/v2/clients/config_client.(*ConfigClient).GetConfig
	D:/GoPath/pkg/mod/github.com/nacos-group/nacos-sdk-go/v2@v2.2.2/clients/config_client/config_client.go:149
main.main
	D:/Desktop/青训营-抖音/GopherTok/server/chat/api/chat.go:41
runtime.main
	D:/APP/Go1.20.5/src/runtime/proc.go:250
runtime.goexit
	D:/APP/Go1.20.5/src/runtime/asm_amd64.s:1598
2023-07-30T13:16:27.510+0800	ERROR	rpc/rpc_client.go:524	Send request fail, request=ConfigQueryRequest, body={"requestId":"","group":"dev","dataId":"chat-api.yaml","tenant":"3192344f-57c0-4566-a4d2-0b132fc5047c","module":"config","tag":""}, retryTimes=1, error=client not connected, current status:STARTING
github.com/nacos-group/nacos-sdk-go/v2/common/remote/rpc.(*RpcClient).Request
	D:/GoPath/pkg/mod/github.com/nacos-group/nacos-sdk-go/v2@v2.2.2/common/remote/rpc/rpc_client.go:489
github.com/nacos-group/nacos-sdk-go/v2/clients/config_client.(*ConfigProxy).requestProxy
	D:/GoPath/pkg/mod/github.com/nacos-group/nacos-sdk-go/v2@v2.2.2/clients/config_client/config_proxy.go:64
github.com/nacos-group/nacos-sdk-go/v2/clients/config_client.(*ConfigProxy).queryConfig
	D:/GoPath/pkg/mod/github.com/nacos-group/nacos-sdk-go/v2@v2.2.2/clients/config_client/config_proxy.go:116
github.com/nacos-group/nacos-sdk-go/v2/clients/config_client.(*ConfigClient).getConfigInner
	D:/GoPath/pkg/mod/github.com/nacos-group/nacos-sdk-go/v2@v2.2.2/clients/config_client/config_client.go:205
github.com/nacos-group/nacos-sdk-go/v2/clients/config_client.(*ConfigClient).GetConfig
	D:/GoPath/pkg/mod/github.com/nacos-group/nacos-sdk-go/v2@v2.2.2/clients/config_client/config_client.go:149
main.main
	D:/Desktop/青训营-抖音/GopherTok/server/chat/api/chat.go:41
runtime.main
	D:/APP/Go1.20.5/src/runtime/proc.go:250
runtime.goexit
	D:/APP/Go1.20.5/src/runtime/asm_amd64.s:1598
2023-07-30T13:16:27.618+0800	ERROR	rpc/rpc_client.go:524	Send request fail, request=ConfigQueryRequest, body={"requestId":"","group":"dev","dataId":"chat-api.yaml","tenant":"3192344f-57c0-4566-a4d2-0b132fc5047c","module":"config","tag":""}, retryTimes=2, error=client not connected, current status:STARTING
github.com/nacos-group/nacos-sdk-go/v2/common/remote/rpc.(*RpcClient).Request
	D:/GoPath/pkg/mod/github.com/nacos-group/nacos-sdk-go/v2@v2.2.2/common/remote/rpc/rpc_client.go:489
github.com/nacos-group/nacos-sdk-go/v2/clients/config_client.(*ConfigProxy).requestProxy
	D:/GoPath/pkg/mod/github.com/nacos-group/nacos-sdk-go/v2@v2.2.2/clients/config_client/config_proxy.go:64
github.com/nacos-group/nacos-sdk-go/v2/clients/config_client.(*ConfigProxy).queryConfig
	D:/GoPath/pkg/mod/github.com/nacos-group/nacos-sdk-go/v2@v2.2.2/clients/config_client/config_proxy.go:116
github.com/nacos-group/nacos-sdk-go/v2/clients/config_client.(*ConfigClient).getConfigInner
	D:/GoPath/pkg/mod/github.com/nacos-group/nacos-sdk-go/v2@v2.2.2/clients/config_client/config_client.go:205
github.com/nacos-group/nacos-sdk-go/v2/clients/config_client.(*ConfigClient).GetConfig
	D:/GoPath/pkg/mod/github.com/nacos-group/nacos-sdk-go/v2@v2.2.2/clients/config_client/config_client.go:149
main.main
	D:/Desktop/青训营-抖音/GopherTok/server/chat/api/chat.go:41
runtime.main
	D:/APP/Go1.20.5/src/runtime/proc.go:250
runtime.goexit
	D:/APP/Go1.20.5/src/runtime/asm_amd64.s:1598
2023-07-30T13:16:27.724+0800	ERROR	config_client/config_client.go:208	get config from server error:client not connected, current status:STARTING, dataId=chat-api.yaml, group=dev, namespaceId=3192344f-57c0-4566-a4d2-0b132fc5047c
2023-07-30T13:16:27.725+0800	ERROR	cache/disk_cache.go:101	get config from cache, cacheKey:chat-api.yaml@@dev@@3192344f-57c0-4566-a4d2-0b132fc5047c, cacheDir:tmp/nacos/cache\config, error:open tmp/nacos/cache\config\chat-api.yaml@@dev@@3192344f-57c0-4566-a4d2-0b132fc5047c: The system cannot find the path specified. 
2023-07-30T13:20:09.503+0800	DEBUG	rpc/rpc_client.go:292	config-0-4a27e220-db1d-4ddd-8b04-1949f0c0cc2d register server push request:ConfigChangeNotifyRequest handler:ConfigChangeNotifyRequestHandler
2023-07-30T13:20:09.503+0800	DEBUG	rpc/rpc_client.go:292	config-0-4a27e220-db1d-4ddd-8b04-1949f0c0cc2d register server push request:ConnectResetRequest handler:ConnectResetRequestHandler
2023-07-30T13:20:09.503+0800	DEBUG	rpc/rpc_client.go:292	config-0-4a27e220-db1d-4ddd-8b04-1949f0c0cc2d register server push request:ClientDetectionRequest handler:ClientDetectionRequestHandler
2023-07-30T13:20:09.503+0800	INFO	rpc/rpc_client.go:224	[RpcClient.Start] config-0-4a27e220-db1d-4ddd-8b04-1949f0c0cc2d try to connect to server on start up, server: {serverIp:106.15.58.0 serverPort:8848 serverGrpcPort:9848}
2023-07-30T13:20:09.540+0800	INFO	util/common.go:96	Local IP:192.168.0.114
2023-07-30T13:20:12.514+0800	WARN	rpc/rpc_client.go:226	[RpcClient.Start] config-0-4a27e220-db1d-4ddd-8b04-1949f0c0cc2d fail to connect to server on start up, error message=server check request failed , err:rpc error: code = DeadlineExceeded desc = context deadline exceeded, start up retry times left=2
2023-07-30T13:20:12.514+0800	INFO	rpc/rpc_client.go:224	[RpcClient.Start] config-0-4a27e220-db1d-4ddd-8b04-1949f0c0cc2d try to connect to server on start up, server: {serverIp:106.15.58.0 serverPort:8848 serverGrpcPort:9848}
2023-07-30T13:20:15.527+0800	WARN	rpc/rpc_client.go:226	[RpcClient.Start] config-0-4a27e220-db1d-4ddd-8b04-1949f0c0cc2d fail to connect to server on start up, error message=server check request failed , err:rpc error: code = DeadlineExceeded desc = context deadline exceeded, start up retry times left=1
2023-07-30T13:20:15.527+0800	INFO	rpc/rpc_client.go:224	[RpcClient.Start] config-0-4a27e220-db1d-4ddd-8b04-1949f0c0cc2d try to connect to server on start up, server: {serverIp:106.15.58.0 serverPort:8848 serverGrpcPort:9848}
2023-07-30T13:20:18.531+0800	WARN	rpc/rpc_client.go:226	[RpcClient.Start] config-0-4a27e220-db1d-4ddd-8b04-1949f0c0cc2d fail to connect to server on start up, error message=server check request failed , err:rpc error: code = DeadlineExceeded desc = context deadline exceeded, start up retry times left=0
2023-07-30T13:20:18.531+0800	INFO	rpc/rpc_client.go:324	config-0-4a27e220-db1d-4ddd-8b04-1949f0c0cc2d try to re connect to a new server, server is not appointed, will choose a random server.
2023-07-30T13:20:18.532+0800	ERROR	rpc/rpc_client.go:524	Send request fail, request=ConfigQueryRequest, body={"requestId":"","group":"dev","dataId":"chat-api.yaml","tenant":"fd221e38-6439-4b1d-b82d-aa7cceebc537","module":"config","tag":""}, retryTimes=0, error=client not connected, current status:STARTING
github.com/nacos-group/nacos-sdk-go/v2/common/remote/rpc.(*RpcClient).Request
	D:/GoPath/pkg/mod/github.com/nacos-group/nacos-sdk-go/v2@v2.2.2/common/remote/rpc/rpc_client.go:489
github.com/nacos-group/nacos-sdk-go/v2/clients/config_client.(*ConfigProxy).requestProxy
	D:/GoPath/pkg/mod/github.com/nacos-group/nacos-sdk-go/v2@v2.2.2/clients/config_client/config_proxy.go:64
github.com/nacos-group/nacos-sdk-go/v2/clients/config_client.(*ConfigProxy).queryConfig
	D:/GoPath/pkg/mod/github.com/nacos-group/nacos-sdk-go/v2@v2.2.2/clients/config_client/config_proxy.go:116
github.com/nacos-group/nacos-sdk-go/v2/clients/config_client.(*ConfigClient).getConfigInner
	D:/GoPath/pkg/mod/github.com/nacos-group/nacos-sdk-go/v2@v2.2.2/clients/config_client/config_client.go:205
github.com/nacos-group/nacos-sdk-go/v2/clients/config_client.(*ConfigClient).GetConfig
	D:/GoPath/pkg/mod/github.com/nacos-group/nacos-sdk-go/v2@v2.2.2/clients/config_client/config_client.go:149
main.main
	D:/Desktop/青训营-抖音/GopherTok/server/chat/api/chat.go:41
runtime.main
	D:/APP/Go1.20.5/src/runtime/proc.go:250
runtime.goexit
	D:/APP/Go1.20.5/src/runtime/asm_amd64.s:1598
2023-07-30T13:20:18.638+0800	ERROR	rpc/rpc_client.go:524	Send request fail, request=ConfigQueryRequest, body={"requestId":"","group":"dev","dataId":"chat-api.yaml","tenant":"fd221e38-6439-4b1d-b82d-aa7cceebc537","module":"config","tag":""}, retryTimes=1, error=client not connected, current status:STARTING
github.com/nacos-group/nacos-sdk-go/v2/common/remote/rpc.(*RpcClient).Request
	D:/GoPath/pkg/mod/github.com/nacos-group/nacos-sdk-go/v2@v2.2.2/common/remote/rpc/rpc_client.go:489
github.com/nacos-group/nacos-sdk-go/v2/clients/config_client.(*ConfigProxy).requestProxy
	D:/GoPath/pkg/mod/github.com/nacos-group/nacos-sdk-go/v2@v2.2.2/clients/config_client/config_proxy.go:64
github.com/nacos-group/nacos-sdk-go/v2/clients/config_client.(*ConfigProxy).queryConfig
	D:/GoPath/pkg/mod/github.com/nacos-group/nacos-sdk-go/v2@v2.2.2/clients/config_client/config_proxy.go:116
github.com/nacos-group/nacos-sdk-go/v2/clients/config_client.(*ConfigClient).getConfigInner
	D:/GoPath/pkg/mod/github.com/nacos-group/nacos-sdk-go/v2@v2.2.2/clients/config_client/config_client.go:205
github.com/nacos-group/nacos-sdk-go/v2/clients/config_client.(*ConfigClient).GetConfig
	D:/GoPath/pkg/mod/github.com/nacos-group/nacos-sdk-go/v2@v2.2.2/clients/config_client/config_client.go:149
main.main
	D:/Desktop/青训营-抖音/GopherTok/server/chat/api/chat.go:41
runtime.main
	D:/APP/Go1.20.5/src/runtime/proc.go:250
runtime.goexit
	D:/APP/Go1.20.5/src/runtime/asm_amd64.s:1598
2023-07-30T13:20:18.745+0800	ERROR	rpc/rpc_client.go:524	Send request fail, request=ConfigQueryRequest, body={"requestId":"","group":"dev","dataId":"chat-api.yaml","tenant":"fd221e38-6439-4b1d-b82d-aa7cceebc537","module":"config","tag":""}, retryTimes=2, error=client not connected, current status:STARTING
github.com/nacos-group/nacos-sdk-go/v2/common/remote/rpc.(*RpcClient).Request
	D:/GoPath/pkg/mod/github.com/nacos-group/nacos-sdk-go/v2@v2.2.2/common/remote/rpc/rpc_client.go:489
github.com/nacos-group/nacos-sdk-go/v2/clients/config_client.(*ConfigProxy).requestProxy
	D:/GoPath/pkg/mod/github.com/nacos-group/nacos-sdk-go/v2@v2.2.2/clients/config_client/config_proxy.go:64
github.com/nacos-group/nacos-sdk-go/v2/clients/config_client.(*ConfigProxy).queryConfig
	D:/GoPath/pkg/mod/github.com/nacos-group/nacos-sdk-go/v2@v2.2.2/clients/config_client/config_proxy.go:116
github.com/nacos-group/nacos-sdk-go/v2/clients/config_client.(*ConfigClient).getConfigInner
	D:/GoPath/pkg/mod/github.com/nacos-group/nacos-sdk-go/v2@v2.2.2/clients/config_client/config_client.go:205
github.com/nacos-group/nacos-sdk-go/v2/clients/config_client.(*ConfigClient).GetConfig
	D:/GoPath/pkg/mod/github.com/nacos-group/nacos-sdk-go/v2@v2.2.2/clients/config_client/config_client.go:149
main.main
	D:/Desktop/青训营-抖音/GopherTok/server/chat/api/chat.go:41
runtime.main
	D:/APP/Go1.20.5/src/runtime/proc.go:250
runtime.goexit
	D:/APP/Go1.20.5/src/runtime/asm_amd64.s:1598
2023-07-30T13:20:18.853+0800	ERROR	config_client/config_client.go:208	get config from server error:client not connected, current status:STARTING, dataId=chat-api.yaml, group=dev, namespaceId=fd221e38-6439-4b1d-b82d-aa7cceebc537
2023-07-30T13:20:18.854+0800	ERROR	cache/disk_cache.go:101	get config from cache, cacheKey:chat-api.yaml@@dev@@fd221e38-6439-4b1d-b82d-aa7cceebc537, cacheDir:tmp/nacos/cache\config, error:open tmp/nacos/cache\config\chat-api.yaml@@dev@@fd221e38-6439-4b1d-b82d-aa7cceebc537: The system cannot find the path specified. 
2023-07-30T13:36:08.838+0800	DEBUG	rpc/rpc_client.go:292	config-0-494836e5-7123-45f3-9366-0dd5226f3fcc register server push request:ConfigChangeNotifyRequest handler:ConfigChangeNotifyRequestHandler
2023-07-30T13:36:08.838+0800	DEBUG	rpc/rpc_client.go:292	config-0-494836e5-7123-45f3-9366-0dd5226f3fcc register server push request:ConnectResetRequest handler:ConnectResetRequestHandler
2023-07-30T13:36:08.838+0800	DEBUG	rpc/rpc_client.go:292	config-0-494836e5-7123-45f3-9366-0dd5226f3fcc register server push request:ClientDetectionRequest handler:ClientDetectionRequestHandler
2023-07-30T13:36:08.839+0800	INFO	rpc/rpc_client.go:224	[RpcClient.Start] config-0-494836e5-7123-45f3-9366-0dd5226f3fcc try to connect to server on start up, server: {serverIp:106.15.58.0 serverPort:8848 serverGrpcPort:9848}
2023-07-30T13:36:08.874+0800	INFO	util/common.go:96	Local IP:192.168.0.114
2023-07-30T13:36:09.138+0800	INFO	rpc/rpc_client.go:234	config-0-494836e5-7123-45f3-9366-0dd5226f3fcc success to connect to server {serverIp:106.15.58.0 serverPort:8848 serverGrpcPort:9848} on start up, connectionId=1690695369027_112.99.82.176_9579
2023-07-30T14:02:46.691+0800	DEBUG	rpc/rpc_client.go:292	config-0-91d75b9d-bb36-4e52-9d37-cf29281a3f69 register server push request:ConfigChangeNotifyRequest handler:ConfigChangeNotifyRequestHandler
2023-07-30T14:02:46.691+0800	DEBUG	rpc/rpc_client.go:292	config-0-91d75b9d-bb36-4e52-9d37-cf29281a3f69 register server push request:ConnectResetRequest handler:ConnectResetRequestHandler
2023-07-30T14:02:46.691+0800	DEBUG	rpc/rpc_client.go:292	config-0-91d75b9d-bb36-4e52-9d37-cf29281a3f69 register server push request:ClientDetectionRequest handler:ClientDetectionRequestHandler
2023-07-30T14:02:46.691+0800	INFO	rpc/rpc_client.go:224	[RpcClient.Start] config-0-91d75b9d-bb36-4e52-9d37-cf29281a3f69 try to connect to server on start up, server: {serverIp:106.15.58.0 serverPort:8848 serverGrpcPort:9848}
2023-07-30T14:02:46.727+0800	INFO	util/common.go:96	Local IP:192.168.0.114
2023-07-30T14:02:46.984+0800	INFO	rpc/rpc_client.go:234	config-0-91d75b9d-bb36-4e52-9d37-cf29281a3f69 success to connect to server {serverIp:106.15.58.0 serverPort:8848 serverGrpcPort:9848} on start up, connectionId=1690696966899_112.99.82.176_9346
2023-07-30T14:02:58.145+0800	DEBUG	rpc/rpc_client.go:292	config-0-2737c1f2-6669-4e69-99a1-7525f877deea register server push request:ConfigChangeNotifyRequest handler:ConfigChangeNotifyRequestHandler
2023-07-30T14:02:58.145+0800	DEBUG	rpc/rpc_client.go:292	config-0-2737c1f2-6669-4e69-99a1-7525f877deea register server push request:ConnectResetRequest handler:ConnectResetRequestHandler
2023-07-30T14:02:58.145+0800	DEBUG	rpc/rpc_client.go:292	config-0-2737c1f2-6669-4e69-99a1-7525f877deea register server push request:ClientDetectionRequest handler:ClientDetectionRequestHandler
2023-07-30T14:02:58.145+0800	INFO	rpc/rpc_client.go:224	[RpcClient.Start] config-0-2737c1f2-6669-4e69-99a1-7525f877deea try to connect to server on start up, server: {serverIp:106.15.58.0 serverPort:8848 serverGrpcPort:9848}
2023-07-30T14:02:58.187+0800	INFO	util/common.go:96	Local IP:192.168.0.114
2023-07-30T14:02:58.443+0800	INFO	rpc/rpc_client.go:234	config-0-2737c1f2-6669-4e69-99a1-7525f877deea success to connect to server {serverIp:106.15.58.0 serverPort:8848 serverGrpcPort:9848} on start up, connectionId=1690696978351_112.99.82.176_9347
2023-07-30T14:03:27.833+0800	DEBUG	rpc/rpc_client.go:292	config-0-20ad83d2-8567-4ed4-88e8-a8b807ff40aa register server push request:ConfigChangeNotifyRequest handler:ConfigChangeNotifyRequestHandler
2023-07-30T14:03:27.834+0800	DEBUG	rpc/rpc_client.go:292	config-0-20ad83d2-8567-4ed4-88e8-a8b807ff40aa register server push request:ConnectResetRequest handler:ConnectResetRequestHandler
2023-07-30T14:03:27.834+0800	DEBUG	rpc/rpc_client.go:292	config-0-20ad83d2-8567-4ed4-88e8-a8b807ff40aa register server push request:ClientDetectionRequest handler:ClientDetectionRequestHandler
2023-07-30T14:03:27.834+0800	INFO	rpc/rpc_client.go:224	[RpcClient.Start] config-0-20ad83d2-8567-4ed4-88e8-a8b807ff40aa try to connect to server on start up, server: {serverIp:106.15.58.0 serverPort:8848 serverGrpcPort:9848}
2023-07-30T14:03:27.867+0800	INFO	util/common.go:96	Local IP:192.168.0.114
2023-07-30T14:03:28.123+0800	INFO	rpc/rpc_client.go:234	config-0-20ad83d2-8567-4ed4-88e8-a8b807ff40aa success to connect to server {serverIp:106.15.58.0 serverPort:8848 serverGrpcPort:9848} on start up, connectionId=1690697008039_112.99.82.176_9350
2023-07-30T14:04:17.269+0800	DEBUG	rpc/rpc_client.go:292	config-0-acd32174-cd53-477e-be89-2b3dfbb9d058 register server push request:ConfigChangeNotifyRequest handler:ConfigChangeNotifyRequestHandler
2023-07-30T14:04:17.269+0800	DEBUG	rpc/rpc_client.go:292	config-0-acd32174-cd53-477e-be89-2b3dfbb9d058 register server push request:ConnectResetRequest handler:ConnectResetRequestHandler
2023-07-30T14:04:17.269+0800	DEBUG	rpc/rpc_client.go:292	config-0-acd32174-cd53-477e-be89-2b3dfbb9d058 register server push request:ClientDetectionRequest handler:ClientDetectionRequestHandler
2023-07-30T14:04:17.269+0800	INFO	rpc/rpc_client.go:224	[RpcClient.Start] config-0-acd32174-cd53-477e-be89-2b3dfbb9d058 try to connect to server on start up, server: {serverIp:106.15.58.0 serverPort:8848 serverGrpcPort:9848}
2023-07-30T14:04:17.310+0800	INFO	util/common.go:96	Local IP:192.168.0.114
2023-07-30T14:04:17.567+0800	INFO	rpc/rpc_client.go:234	config-0-acd32174-cd53-477e-be89-2b3dfbb9d058 success to connect to server {serverIp:106.15.58.0 serverPort:8848 serverGrpcPort:9848} on start up, connectionId=1690697057470_112.99.82.176_9360
2023-07-30T14:04:50.458+0800	DEBUG	rpc/rpc_client.go:292	config-0-b862d3dc-f57d-455c-a2ef-b297ea1a2a32 register server push request:ConfigChangeNotifyRequest handler:ConfigChangeNotifyRequestHandler
2023-07-30T14:04:50.458+0800	DEBUG	rpc/rpc_client.go:292	config-0-b862d3dc-f57d-455c-a2ef-b297ea1a2a32 register server push request:ConnectResetRequest handler:ConnectResetRequestHandler
2023-07-30T14:04:50.458+0800	DEBUG	rpc/rpc_client.go:292	config-0-b862d3dc-f57d-455c-a2ef-b297ea1a2a32 register server push request:ClientDetectionRequest handler:ClientDetectionRequestHandler
2023-07-30T14:04:50.459+0800	INFO	rpc/rpc_client.go:224	[RpcClient.Start] config-0-b862d3dc-f57d-455c-a2ef-b297ea1a2a32 try to connect to server on start up, server: {serverIp:106.15.58.0 serverPort:8848 serverGrpcPort:9848}
2023-07-30T14:04:50.498+0800	INFO	util/common.go:96	Local IP:192.168.0.114
2023-07-30T14:04:50.753+0800	INFO	rpc/rpc_client.go:234	config-0-b862d3dc-f57d-455c-a2ef-b297ea1a2a32 success to connect to server {serverIp:106.15.58.0 serverPort:8848 serverGrpcPort:9848} on start up, connectionId=1690697090669_112.99.82.176_9364
2023-07-30T14:06:03.095+0800	DEBUG	rpc/rpc_client.go:292	config-0-896808d2-720d-49b5-b2be-3892b0030b11 register server push request:ConfigChangeNotifyRequest handler:ConfigChangeNotifyRequestHandler
2023-07-30T14:06:03.095+0800	DEBUG	rpc/rpc_client.go:292	config-0-896808d2-720d-49b5-b2be-3892b0030b11 register server push request:ConnectResetRequest handler:ConnectResetRequestHandler
2023-07-30T14:06:03.095+0800	DEBUG	rpc/rpc_client.go:292	config-0-896808d2-720d-49b5-b2be-3892b0030b11 register server push request:ClientDetectionRequest handler:ClientDetectionRequestHandler
2023-07-30T14:06:03.095+0800	INFO	rpc/rpc_client.go:224	[RpcClient.Start] config-0-896808d2-720d-49b5-b2be-3892b0030b11 try to connect to server on start up, server: {serverIp:106.15.58.0 serverPort:8848 serverGrpcPort:9848}
2023-07-30T14:06:03.135+0800	INFO	util/common.go:96	Local IP:192.168.0.114
2023-07-30T14:06:03.389+0800	INFO	rpc/rpc_client.go:234	config-0-896808d2-720d-49b5-b2be-3892b0030b11 success to connect to server {serverIp:106.15.58.0 serverPort:8848 serverGrpcPort:9848} on start up, connectionId=1690697163302_112.99.82.176_9377
2023-07-30T14:06:28.842+0800	INFO	rpc/grpc_client.go:191	1690697163302_112.99.82.176_9377 Request stream onCompleted, switch server
2023-07-30T14:08:35.187+0800	DEBUG	rpc/rpc_client.go:292	config-0-895585f5-1da7-4840-ac8c-09c493ef2812 register server push request:ConfigChangeNotifyRequest handler:ConfigChangeNotifyRequestHandler
2023-07-30T14:08:35.187+0800	DEBUG	rpc/rpc_client.go:292	config-0-895585f5-1da7-4840-ac8c-09c493ef2812 register server push request:ConnectResetRequest handler:ConnectResetRequestHandler
2023-07-30T14:08:35.187+0800	DEBUG	rpc/rpc_client.go:292	config-0-895585f5-1da7-4840-ac8c-09c493ef2812 register server push request:ClientDetectionRequest handler:ClientDetectionRequestHandler
2023-07-30T14:08:35.187+0800	INFO	rpc/rpc_client.go:224	[RpcClient.Start] config-0-895585f5-1da7-4840-ac8c-09c493ef2812 try to connect to server on start up, server: {serverIp:106.15.58.0 serverPort:8848 serverGrpcPort:9848}
2023-07-30T14:08:35.228+0800	INFO	util/common.go:96	Local IP:192.168.0.114
2023-07-30T14:08:35.494+0800	INFO	rpc/rpc_client.go:234	config-0-895585f5-1da7-4840-ac8c-09c493ef2812 success to connect to server {serverIp:106.15.58.0 serverPort:8848 serverGrpcPort:9848} on start up, connectionId=1690697315404_112.99.82.176_10244
2023-07-30T14:09:04.609+0800	DEBUG	rpc/rpc_client.go:292	config-0-d2703f97-ea5c-46d0-9121-6c87ad5b0848 register server push request:ConfigChangeNotifyRequest handler:ConfigChangeNotifyRequestHandler
2023-07-30T14:09:04.610+0800	DEBUG	rpc/rpc_client.go:292	config-0-d2703f97-ea5c-46d0-9121-6c87ad5b0848 register server push request:ConnectResetRequest handler:ConnectResetRequestHandler
2023-07-30T14:09:04.610+0800	DEBUG	rpc/rpc_client.go:292	config-0-d2703f97-ea5c-46d0-9121-6c87ad5b0848 register server push request:ClientDetectionRequest handler:ClientDetectionRequestHandler
2023-07-30T14:09:04.610+0800	INFO	rpc/rpc_client.go:224	[RpcClient.Start] config-0-d2703f97-ea5c-46d0-9121-6c87ad5b0848 try to connect to server on start up, server: {serverIp:106.15.58.0 serverPort:8848 serverGrpcPort:9848}
2023-07-30T14:09:04.646+0800	INFO	util/common.go:96	Local IP:192.168.0.114
2023-07-30T14:09:04.905+0800	INFO	rpc/rpc_client.go:234	config-0-d2703f97-ea5c-46d0-9121-6c87ad5b0848 success to connect to server {serverIp:106.15.58.0 serverPort:8848 serverGrpcPort:9848} on start up, connectionId=1690697344819_112.99.82.176_10247
2023-07-30T14:09:37.508+0800	DEBUG	rpc/rpc_client.go:292	config-0-4f6b8875-5893-41b7-80e6-50b6b9c9a780 register server push request:ConfigChangeNotifyRequest handler:ConfigChangeNotifyRequestHandler
2023-07-30T14:09:37.508+0800	DEBUG	rpc/rpc_client.go:292	config-0-4f6b8875-5893-41b7-80e6-50b6b9c9a780 register server push request:ConnectResetRequest handler:ConnectResetRequestHandler
2023-07-30T14:09:37.508+0800	DEBUG	rpc/rpc_client.go:292	config-0-4f6b8875-5893-41b7-80e6-50b6b9c9a780 register server push request:ClientDetectionRequest handler:ClientDetectionRequestHandler
2023-07-30T14:09:37.508+0800	INFO	rpc/rpc_client.go:224	[RpcClient.Start] config-0-4f6b8875-5893-41b7-80e6-50b6b9c9a780 try to connect to server on start up, server: {serverIp:106.15.58.0 serverPort:8848 serverGrpcPort:9848}
2023-07-30T14:09:37.546+0800	INFO	util/common.go:96	Local IP:192.168.0.114
2023-07-30T14:09:37.814+0800	INFO	rpc/rpc_client.go:234	config-0-4f6b8875-5893-41b7-80e6-50b6b9c9a780 success to connect to server {serverIp:106.15.58.0 serverPort:8848 serverGrpcPort:9848} on start up, connectionId=1690697377722_112.99.82.176_10251
2023-07-30T14:19:52.794+0800	DEBUG	rpc/rpc_client.go:292	config-0-7f3fb1ce-c046-4a12-b05c-355dfdbd0143 register server push request:ConfigChangeNotifyRequest handler:ConfigChangeNotifyRequestHandler
2023-07-30T14:19:52.796+0800	DEBUG	rpc/rpc_client.go:292	config-0-7f3fb1ce-c046-4a12-b05c-355dfdbd0143 register server push request:ConnectResetRequest handler:ConnectResetRequestHandler
2023-07-30T14:19:52.796+0800	DEBUG	rpc/rpc_client.go:292	config-0-7f3fb1ce-c046-4a12-b05c-355dfdbd0143 register server push request:ClientDetectionRequest handler:ClientDetectionRequestHandler
2023-07-30T14:19:52.796+0800	INFO	rpc/rpc_client.go:224	[RpcClient.Start] config-0-7f3fb1ce-c046-4a12-b05c-355dfdbd0143 try to connect to server on start up, server: {serverIp:106.15.58.0 serverPort:8848 serverGrpcPort:9848}
2023-07-30T14:19:52.830+0800	INFO	util/common.go:96	Local IP:192.168.0.114
2023-07-30T14:19:53.087+0800	INFO	rpc/rpc_client.go:234	config-0-7f3fb1ce-c046-4a12-b05c-355dfdbd0143 success to connect to server {serverIp:106.15.58.0 serverPort:8848 serverGrpcPort:9848} on start up, connectionId=1690697993015_112.99.82.176_10603
2023-07-30T14:20:21.037+0800	DEBUG	rpc/rpc_client.go:292	config-0-d0c6ab9a-e5db-4b62-ac6c-86316a6f430e register server push request:ConfigChangeNotifyRequest handler:ConfigChangeNotifyRequestHandler
2023-07-30T14:20:21.037+0800	DEBUG	rpc/rpc_client.go:292	config-0-d0c6ab9a-e5db-4b62-ac6c-86316a6f430e register server push request:ConnectResetRequest handler:ConnectResetRequestHandler
2023-07-30T14:20:21.037+0800	DEBUG	rpc/rpc_client.go:292	config-0-d0c6ab9a-e5db-4b62-ac6c-86316a6f430e register server push request:ClientDetectionRequest handler:ClientDetectionRequestHandler
2023-07-30T14:20:21.037+0800	INFO	rpc/rpc_client.go:224	[RpcClient.Start] config-0-d0c6ab9a-e5db-4b62-ac6c-86316a6f430e try to connect to server on start up, server: {serverIp:106.15.58.0 serverPort:8848 serverGrpcPort:9848}
2023-07-30T14:20:21.076+0800	INFO	util/common.go:96	Local IP:192.168.0.114
2023-07-30T14:20:21.319+0800	INFO	rpc/rpc_client.go:234	config-0-d0c6ab9a-e5db-4b62-ac6c-86316a6f430e success to connect to server {serverIp:106.15.58.0 serverPort:8848 serverGrpcPort:9848} on start up, connectionId=1690698021257_112.99.82.176_9413
2023-07-30T14:27:48.802+0800	INFO	rpc/rpc_client.go:224	[RpcClient.Start] config-0-d4a6c066-e65c-49ff-84db-d60edc155080 try to connect to server on start up, server: {serverIp:106.15.58.0 serverPort:8848 serverGrpcPort:9848}
2023-07-30T14:27:48.837+0800	INFO	util/common.go:96	Local IP:192.168.0.114
2023-07-30T14:27:49.091+0800	INFO	rpc/rpc_client.go:234	config-0-d4a6c066-e65c-49ff-84db-d60edc155080 success to connect to server {serverIp:106.15.58.0 serverPort:8848 serverGrpcPort:9848} on start up, connectionId=1690698469031_112.99.82.176_10522
